<?xml version="1.0" encoding="UTF-8"?>
<!-- Generated by org.testng.reporters.JUnitXMLReporter -->
<testsuite ignored="0" hostname="2016-smalldisk" failures="0" tests="2" name="Default test" time="65.507" errors="0" timestamp="2025-07-16T07:43:31 UTC">
  <testcase classname="io.cucumber.testng.AbstractTestNGCucumberTests" name="runScenario" time="46.422"/>
  <testcase classname="io.cucumber.testng.AbstractTestNGCucumberTests" name="runScenario" time="17.113"/>
</testsuite> <!-- Default test -->
